  Compiling CUDA source file kernel.cu...
  
  E:\code\cuda_performance_comprasion\CPC\CPC.CudaRuntime>"C:\Program Files\NVIDIA GPU Computing Toolkit\CUDA\v12.1\bin\nvcc.exe" -gencode=arch=compute_52,code=\"sm_52,compute_52\" --use-local-env -ccbin "D:\Program Files\Microsoft Visual Studio\2022\Community\VC\Tools\MSVC\14.34.31933\bin\HostX64\x64" -x cu   -I"C:\Program Files\NVIDIA GPU Computing Toolkit\CUDA\v12.1\include" -I"C:\Program Files\NVIDIA GPU Computing Toolkit\CUDA\v12.1\include"  -G   --keep-dir x64\Debug  -maxrregcount=0   --machine 64 --compile -cudart static  -g  -DWIN32 -DWIN64 -D_DEBUG -D_CONSOLE -D_MBCS -Xcompiler "/EHsc /W3 /nologo /Od /FS /Zi /RTC1 /MDd " -Xcompiler "/Fdx64\Debug\vc143.pdb" -o E:\code\cuda_performance_comprasion\CPC\CPC.CudaRuntime\x64\Debug\kernel.cu.obj "E:\code\cuda_performance_comprasion\CPC\CPC.CudaRuntime\kernel.cu" 
E:\code\cuda_performance_comprasion\CPC\CPC.CudaRuntime\../CPC.Common/Helpers/MatrixHelper.cpp(118): warning #177-D: variable "w" was declared but never referenced
    									double w = matrix[startAbsoluteX + x - 1][y - 1];
    									       ^
  
  Remark: The warnings can be suppressed with "-diag-suppress <warning-number>"
  
E:\code\cuda_performance_comprasion\CPC\CPC.CudaRuntime\../CPC.Common/Helpers/MatrixHelper.cpp(84): warning #177-D: variable "PMatrix" was declared but never referenced
    					double* PMatrix = *matrix;
    					        ^
  
E:\code\cuda_performance_comprasion\CPC\CPC.CudaRuntime\kernel.cu(37): warning #224-D: the format string requires additional arguments
    	printf("\n%d %d %f", i, j);
    	                         ^
  
E:\code\cuda_performance_comprasion\CPC\CPC.CudaRuntime\kernel.cu(34): warning #177-D: variable "stride" was declared but never referenced
    	int stride;
    	    ^
  
E:\code\cuda_performance_comprasion\CPC\CPC.CudaRuntime\kernel.cu(56): warning #177-D: variable "val" was declared but never referenced
    			double val = *(input + inputOffset + i * paddedSizeY + j);
    			       ^
  
E:\code\cuda_performance_comprasion\CPC\CPC.CudaRuntime\kernel.cu(143): warning #177-D: variable "idx" was declared but never referenced
    	unsigned int idx = iy * sizeX + ix;
    	             ^
  
  kernel.cu
  tmpxft_0000182c_00000000-7_kernel.cudafe1.cpp
E:\code\cuda_performance_comprasion\CPC\CPC.CudaRuntime\../CPC.Common/Helpers/MatrixHelper.cpp(14): warning C4244: 'argument': conversion from 'time_t' to 'unsigned int', possible loss of data
  CPC.CudaRuntime.vcxproj -> E:\code\cuda_performance_comprasion\CPC\x64\Debug\CPC.CudaRuntime.exe
